Build started 5/24/2012 11:42:19 AM.
     1>Project "C:\Simplicio\Simplicio git\forms2.vcxproj" on node 2 (build target(s)).
     1>InitializeBuildStatus:
         Creating "Debug\forms2.unsuccessfulbuild" because "AlwaysCreate" was specified.
       GenerateTargetFrameworkMonikerAttribute:
       Skipping target "GenerateTargetFrameworkMonikerAttribute" because all output files are up-to-date with respect to the input files.
       ClCompile:
         All outputs are up-to-date.
         All outputs are up-to-date.
         All outputs are up-to-date.
       CoreResGen:
         All outputs are up-to-date.
       ResourceCompile:
         All outputs are up-to-date.
       Link:
         All outputs are up-to-date.
         forms2.vcxproj -> C:\Simplicio\Simplicio git\Debug\forms2.exe
       FinalizeBuildStatus:
         Deleting file "Debug\forms2.unsuccessfulbuild".
         Touching "Debug\forms2.lastbuildstate".
     1>Done Building Project "C:\Simplicio\Simplicio git\forms2.vcxproj" (build target(s)).

Build succeeded.

Time Elapsed 00:00:00.37
