C:\SIMPLICIO\SIMPLICIO GIT\DEBUG\APP.RES
C:\SIMPLICIO\SIMPLICIO GIT\DEBUG\ASSEMBLYINFO.OBJ
C:\SIMPLICIO\SIMPLICIO GIT\DEBUG\CAMERASETTINGS.OBJ
C:\SIMPLICIO\SIMPLICIO GIT\DEBUG\CAMERATHREAD.OBJ
C:\Simplicio\Simplicio git\Debug\DataStructures.dll
C:\Simplicio\Simplicio git\Debug\DataStructures.pdb
C:\Simplicio\Simplicio git\Debug\dotMath.dll
C:\SIMPLICIO\SIMPLICIO GIT\DEBUG\DRIVER.OBJ
C:\SIMPLICIO\SIMPLICIO GIT\DEBUG\FILETHREAD.OBJ
C:\SIMPLICIO\SIMPLICIO GIT\DEBUG\FORM1.OBJ
C:\SIMPLICIO\SIMPLICIO GIT\DEBUG\FORMS2.EXE
C:\SIMPLICIO\SIMPLICIO GIT\DEBUG\FORMS2.EXE.INTERMEDIATE.MANIFEST
C:\SIMPLICIO\SIMPLICIO GIT\DEBUG\FORMS2.FORM1.RESOURCES
C:\SIMPLICIO\SIMPLICIO GIT\DEBUG\FORMS2.ILK
C:\SIMPLICIO\SIMPLICIO GIT\DEBUG\FORMS2.OBJ
C:\SIMPLICIO\SIMPLICIO GIT\DEBUG\FORMS2.PCH
C:\SIMPLICIO\SIMPLICIO GIT\DEBUG\FORMS2.PDB
C:\SIMPLICIO\SIMPLICIO GIT\DEBUG\IMAGEDATA.OBJ
C:\SIMPLICIO\SIMPLICIO GIT\DEBUG\IMAGETHREAD.OBJ
C:\Simplicio\Simplicio git\Debug\Interop.KINETICSTOFRAMESLib.dll
C:\Simplicio\Simplicio git\Debug\Interop.VBA.dll
C:\Simplicio\Simplicio git\Debug\Interop.WINX32Lib.dll
C:\Simplicio\Simplicio git\Debug\NationalInstruments.NI4882.dll
C:\Simplicio\Simplicio git\Debug\NationalInstruments.NI4882.xml
C:\SIMPLICIO\SIMPLICIO GIT\DEBUG\SENCAMDRIVER.OBJ
C:\SIMPLICIO\SIMPLICIO GIT\DEBUG\SIMPLICIOSERVER.OBJ
C:\SIMPLICIO\SIMPLICIO GIT\DEBUG\STDAFX.OBJ
C:\SIMPLICIO\SIMPLICIO GIT\DEBUG\TESTDRIVER.OBJ
C:\SIMPLICIO\SIMPLICIO GIT\DEBUG\VC100.PDB
C:\SIMPLICIO\SIMPLICIO GIT\DEBUG\WINXDRIVER.OBJ
C:\SIMPLICIO\SIMPLICIO.GIT\DEBUG\.NETFRAMEWORK,VERSION=V4.0.ASSEMBLYATTRIBUTES.OBJ
C:\SIMPLICIO\SIMPLICIO.GIT\DEBUG\APP.RES
C:\SIMPLICIO\SIMPLICIO.GIT\DEBUG\ASSEMBLYINFO.OBJ
C:\SIMPLICIO\SIMPLICIO.GIT\DEBUG\CAMERASETTINGS.OBJ
C:\SIMPLICIO\SIMPLICIO.GIT\DEBUG\CAMERATHREAD.OBJ
C:\simplicio\Simplicio.git\Debug\cl.command.1.tlog
C:\simplicio\Simplicio.git\Debug\CL.read.1.tlog
C:\simplicio\Simplicio.git\Debug\CL.write.1.tlog
C:\simplicio\Simplicio.git\Debug\DataStructures.dll
C:\simplicio\Simplicio.git\Debug\DataStructures.pdb
C:\simplicio\Simplicio.git\Debug\dotMath.dll
C:\SIMPLICIO\SIMPLICIO.GIT\DEBUG\DRIVER.OBJ
C:\SIMPLICIO\SIMPLICIO.GIT\DEBUG\FILETHREAD.OBJ
C:\SIMPLICIO\SIMPLICIO.GIT\DEBUG\FORM1.OBJ
C:\SIMPLICIO\SIMPLICIO.GIT\DEBUG\FORMS2.EXE
C:\SIMPLICIO\SIMPLICIO.GIT\DEBUG\FORMS2.EXE.INTERMEDIATE.MANIFEST
C:\SIMPLICIO\SIMPLICIO.GIT\DEBUG\FORMS2.FORM1.RESOURCES
C:\SIMPLICIO\SIMPLICIO.GIT\DEBUG\FORMS2.ILK
C:\SIMPLICIO\SIMPLICIO.GIT\DEBUG\FORMS2.OBJ
C:\SIMPLICIO\SIMPLICIO.GIT\DEBUG\FORMS2.PCH
C:\SIMPLICIO\SIMPLICIO.GIT\DEBUG\FORMS2.PDB
C:\simplicio\Simplicio.git\Debug\forms2.write.1.tlog
C:\simplicio\Simplicio.git\Debug\GenerateResource.read.1.tlog
C:\simplicio\Simplicio.git\Debug\GenerateResource.write.1.tlog
C:\SIMPLICIO\SIMPLICIO.GIT\DEBUG\IMAGEDATA.OBJ
C:\SIMPLICIO\SIMPLICIO.GIT\DEBUG\IMAGETHREAD.OBJ
C:\simplicio\Simplicio.git\Debug\Interop.KINETICSTOFRAMESLib.dll
C:\simplicio\Simplicio.git\Debug\Interop.VBA.dll
C:\simplicio\Simplicio.git\Debug\Interop.WINX32Lib.dll
C:\simplicio\Simplicio.git\Debug\link.1152.read.1.tlog
C:\simplicio\Simplicio.git\Debug\link.1152.write.1.tlog
C:\simplicio\Simplicio.git\Debug\link.1152-cvtres.read.1.tlog
C:\simplicio\Simplicio.git\Debug\link.1152-cvtres.write.1.tlog
C:\simplicio\Simplicio.git\Debug\link.2116.read.1.tlog
C:\simplicio\Simplicio.git\Debug\link.2116.write.1.tlog
C:\simplicio\Simplicio.git\Debug\link.2116-cvtres.read.1.tlog
C:\simplicio\Simplicio.git\Debug\link.2116-cvtres.write.1.tlog
C:\simplicio\Simplicio.git\Debug\link.2860.read.1.tlog
C:\simplicio\Simplicio.git\Debug\link.2860.write.1.tlog
C:\simplicio\Simplicio.git\Debug\link.2860-cvtres.read.1.tlog
C:\simplicio\Simplicio.git\Debug\link.2860-cvtres.write.1.tlog
C:\simplicio\Simplicio.git\Debug\link.3116.read.1.tlog
C:\simplicio\Simplicio.git\Debug\link.3116.write.1.tlog
C:\simplicio\Simplicio.git\Debug\link.3116-cvtres.read.1.tlog
C:\simplicio\Simplicio.git\Debug\link.3116-cvtres.write.1.tlog
C:\simplicio\Simplicio.git\Debug\link.3168.read.1.tlog
C:\simplicio\Simplicio.git\Debug\link.3168.write.1.tlog
C:\simplicio\Simplicio.git\Debug\link.3168-cvtres.read.1.tlog
C:\simplicio\Simplicio.git\Debug\link.3168-cvtres.write.1.tlog
C:\simplicio\Simplicio.git\Debug\link.328.read.1.tlog
C:\simplicio\Simplicio.git\Debug\link.328.write.1.tlog
C:\simplicio\Simplicio.git\Debug\link.328-cvtres.read.1.tlog
C:\simplicio\Simplicio.git\Debug\link.328-cvtres.write.1.tlog
C:\simplicio\Simplicio.git\Debug\link.3768.read.1.tlog
C:\simplicio\Simplicio.git\Debug\link.3768.write.1.tlog
C:\simplicio\Simplicio.git\Debug\link.3768-cvtres.read.1.tlog
C:\simplicio\Simplicio.git\Debug\link.3768-cvtres.write.1.tlog
C:\simplicio\Simplicio.git\Debug\link.4072.read.1.tlog
C:\simplicio\Simplicio.git\Debug\link.4072.write.1.tlog
C:\simplicio\Simplicio.git\Debug\link.4072-cvtres.read.1.tlog
C:\simplicio\Simplicio.git\Debug\link.4072-cvtres.write.1.tlog
C:\simplicio\Simplicio.git\Debug\link.4436.read.1.tlog
C:\simplicio\Simplicio.git\Debug\link.4436.write.1.tlog
C:\simplicio\Simplicio.git\Debug\link.4436-cvtres.read.1.tlog
C:\simplicio\Simplicio.git\Debug\link.4436-cvtres.write.1.tlog
C:\simplicio\Simplicio.git\Debug\link.5044.read.1.tlog
C:\simplicio\Simplicio.git\Debug\link.5044.write.1.tlog
C:\simplicio\Simplicio.git\Debug\link.5044-cvtres.read.1.tlog
C:\simplicio\Simplicio.git\Debug\link.5044-cvtres.write.1.tlog
C:\simplicio\Simplicio.git\Debug\link.5340.read.1.tlog
C:\simplicio\Simplicio.git\Debug\link.5340.write.1.tlog
C:\simplicio\Simplicio.git\Debug\link.5340-cvtres.read.1.tlog
C:\simplicio\Simplicio.git\Debug\link.5340-cvtres.write.1.tlog
C:\simplicio\Simplicio.git\Debug\link.5456.read.1.tlog
C:\simplicio\Simplicio.git\Debug\link.5456.write.1.tlog
C:\simplicio\Simplicio.git\Debug\link.5456-cvtres.read.1.tlog
C:\simplicio\Simplicio.git\Debug\link.5456-cvtres.write.1.tlog
C:\simplicio\Simplicio.git\Debug\link.5756.read.1.tlog
C:\simplicio\Simplicio.git\Debug\link.5756.write.1.tlog
C:\simplicio\Simplicio.git\Debug\link.5756-cvtres.read.1.tlog
C:\simplicio\Simplicio.git\Debug\link.5756-cvtres.write.1.tlog
C:\simplicio\Simplicio.git\Debug\link.6208.read.1.tlog
C:\simplicio\Simplicio.git\Debug\link.6208.write.1.tlog
C:\simplicio\Simplicio.git\Debug\link.6208-cvtres.read.1.tlog
C:\simplicio\Simplicio.git\Debug\link.6208-cvtres.write.1.tlog
C:\simplicio\Simplicio.git\Debug\link.6388.read.1.tlog
C:\simplicio\Simplicio.git\Debug\link.6388.write.1.tlog
C:\simplicio\Simplicio.git\Debug\link.6388-cvtres.read.1.tlog
C:\simplicio\Simplicio.git\Debug\link.6388-cvtres.write.1.tlog
C:\simplicio\Simplicio.git\Debug\link.6596.read.1.tlog
C:\simplicio\Simplicio.git\Debug\link.6596.write.1.tlog
C:\simplicio\Simplicio.git\Debug\link.6596-cvtres.read.1.tlog
C:\simplicio\Simplicio.git\Debug\link.6596-cvtres.write.1.tlog
C:\simplicio\Simplicio.git\Debug\link.6624.read.1.tlog
C:\simplicio\Simplicio.git\Debug\link.6624.write.1.tlog
C:\simplicio\Simplicio.git\Debug\link.6624-cvtres.read.1.tlog
C:\simplicio\Simplicio.git\Debug\link.6624-cvtres.write.1.tlog
C:\simplicio\Simplicio.git\Debug\link.command.1.tlog
C:\simplicio\Simplicio.git\Debug\link.read.1.tlog
C:\simplicio\Simplicio.git\Debug\link.write.1.tlog
C:\simplicio\Simplicio.git\Debug\mt.command.1.tlog
C:\simplicio\Simplicio.git\Debug\mt.read.1.tlog
C:\simplicio\Simplicio.git\Debug\mt.write.1.tlog
C:\simplicio\Simplicio.git\Debug\NationalInstruments.NI4882.dll
C:\simplicio\Simplicio.git\Debug\NationalInstruments.NI4882.xml
C:\simplicio\Simplicio.git\Debug\rc.command.1.tlog
C:\simplicio\Simplicio.git\Debug\rc.read.1.tlog
C:\simplicio\Simplicio.git\Debug\rc.write.1.tlog
C:\simplicio\Simplicio.git\Debug\ResolveAssemblyReference.cache
C:\SIMPLICIO\SIMPLICIO.GIT\DEBUG\SENCAMDRIVER.OBJ
C:\SIMPLICIO\SIMPLICIO.GIT\DEBUG\SIMPLICIOSERVER.OBJ
C:\SIMPLICIO\SIMPLICIO.GIT\DEBUG\STDAFX.OBJ
C:\SIMPLICIO\SIMPLICIO.GIT\DEBUG\TESTDRIVER.OBJ
C:\SIMPLICIO\SIMPLICIO.GIT\DEBUG\VC100.PDB
C:\SIMPLICIO\SIMPLICIO.GIT\DEBUG\WINXDRIVER.OBJ
D:\RESEARCH\SOFTWARE\SIMPLICIO2\DEBUG\.NETFRAMEWORK,VERSION=V4.0.ASSEMBLYATTRIBUTES.OBJ
D:\RESEARCH\SOFTWARE\SIMPLICIO2\DEBUG\APP.RES
D:\RESEARCH\SOFTWARE\SIMPLICIO2\DEBUG\ASSEMBLYINFO.OBJ
D:\RESEARCH\SOFTWARE\SIMPLICIO2\DEBUG\CAMERASETTINGS.OBJ
D:\RESEARCH\SOFTWARE\SIMPLICIO2\DEBUG\CAMERATHREAD.OBJ
D:\Research\Software\Simplicio2\Debug\DataStructures.dll
D:\Research\Software\Simplicio2\Debug\DataStructures.pdb
D:\Research\Software\Simplicio2\Debug\dotMath.dll
D:\RESEARCH\SOFTWARE\SIMPLICIO2\DEBUG\DRIVER.OBJ
D:\RESEARCH\SOFTWARE\SIMPLICIO2\DEBUG\FILETHREAD.OBJ
D:\RESEARCH\SOFTWARE\SIMPLICIO2\DEBUG\FORM1.OBJ
D:\RESEARCH\SOFTWARE\SIMPLICIO2\DEBUG\FORMS2.EXE
D:\RESEARCH\SOFTWARE\SIMPLICIO2\DEBUG\FORMS2.EXE.INTERMEDIATE.MANIFEST
D:\RESEARCH\SOFTWARE\SIMPLICIO2\DEBUG\FORMS2.FORM1.RESOURCES
D:\RESEARCH\SOFTWARE\SIMPLICIO2\DEBUG\FORMS2.ILK
D:\RESEARCH\SOFTWARE\SIMPLICIO2\DEBUG\FORMS2.OBJ
D:\RESEARCH\SOFTWARE\SIMPLICIO2\DEBUG\FORMS2.PCH
D:\RESEARCH\SOFTWARE\SIMPLICIO2\DEBUG\FORMS2.PDB
D:\RESEARCH\SOFTWARE\SIMPLICIO2\DEBUG\IMAGEDATA.OBJ
D:\RESEARCH\SOFTWARE\SIMPLICIO2\DEBUG\IMAGETHREAD.OBJ
D:\Research\Software\Simplicio2\Debug\Interop.KINETICSTOFRAMESLib.dll
D:\Research\Software\Simplicio2\Debug\Interop.VBA.dll
D:\Research\Software\Simplicio2\Debug\Interop.WINX32Lib.dll
D:\Research\Software\Simplicio2\Debug\NationalInstruments.NI4882.dll
D:\Research\Software\Simplicio2\Debug\NationalInstruments.NI4882.xml
D:\RESEARCH\SOFTWARE\SIMPLICIO2\DEBUG\SENCAMDRIVER.OBJ
D:\RESEARCH\SOFTWARE\SIMPLICIO2\DEBUG\SIMPLICIOSERVER.OBJ
D:\RESEARCH\SOFTWARE\SIMPLICIO2\DEBUG\STDAFX.OBJ
D:\RESEARCH\SOFTWARE\SIMPLICIO2\DEBUG\TESTDRIVER.OBJ
D:\RESEARCH\SOFTWARE\SIMPLICIO2\DEBUG\VC100.PDB
D:\RESEARCH\SOFTWARE\SIMPLICIO2\DEBUG\WINXDRIVER.OBJ
